<?xml version="1.0" encoding="UTF-8"?>
<!-- Generated by org.testng.reporters.JUnitReportReporter -->
<testsuite hostname="UKLONDLP66" failures="0" tests="1" name="widgetshowcase.widgetApplication" time="19.176" errors="0" timestamp="2020-02-27T10:59:42 GMT" skipped="0">
  <testcase classname="widgetshowcase.widgetApplication" name="selectTab" time="19.176"/>
  <system-out/>
</testsuite> <!-- widgetshowcase.widgetApplication -->
